start training: read /home/lizhonghao/ALIKE/magic_point_dataset/pic1[1;41;37mWarning: using python to project depth!!![0m
2024-03-14 11:12:26 /home/lizhonghao/ALIKE/magic_point_dataset/pic2 start build
start training: read /home/lizhonghao/ALIKE/magic_point_dataset/pic2[1;41;37mWarning: using python to project depth!!![0m
2024-03-14 16:29:38 /home/lizhonghao/ALIKE/magic_point_dataset/pic1 start build
2024-03-14 16:31:27 /home/lizhonghao/ALIKE/magic_point_dataset/pic1 end build
start training: read /home/lizhonghao/ALIKE/magic_point_dataset/pic2[1;41;37mWarning: using python to project depth!!![0m
2024-03-14 17:14:08 /home/lizhonghao/ALIKE/magic_point_dataset/pic1 start build
2024-03-14 17:15:56 /home/lizhonghao/ALIKE/magic_point_dataset/pic1 end build
start training: read /home/lizhonghao/ALIKE/magic_point_dataset/pic2[1;41;37mWarning: using python to project depth!!![0m
2024-03-15 11:39:27 /home/lizhonghao/ALIKE/magic_point_dataset/pic1 start build
start training: read /home/lizhonghao/ALIKE/magic_point_dataset/pic2[1;41;37mWarning: using python to project depth!!![0m
2024-03-15 14:00:20 /home/lizhonghao/ALIKE/magic_point_dataset/pic1 start build
2024-03-15 14:02:08 /home/lizhonghao/ALIKE/magic_point_dataset/pic1 end build
start training: read /home/lizhonghao/ALIKE/magic_point_dataset/pic2[1;41;37mWarning: using python to project depth!!![0m
2024-03-15 14:48:02 /home/lizhonghao/ALIKE/magic_point_dataset/pic1 start build
2024-03-15 14:49:50 /home/lizhonghao/ALIKE/magic_point_dataset/pic1 end build
start training: read /home/lizhonghao/ALIKE/magic_point_dataset/pic2[1;41;37mWarning: using python to project depth!!![0m
2024-03-15 14:51:57 /home/lizhonghao/ALIKE/magic_point_dataset/pic1 start build
2024-03-15 14:53:23 /home/lizhonghao/ALIKE/magic_point_dataset/pic1 end build
start training: read /home/lizhonghao/ALIKE/magic_point_dataset/pic2[1;41;37mWarning: using python to project depth!!![0m
2024-03-15 15:15:21 /home/lizhonghao/ALIKE/magic_point_dataset/pic1 start build
2024-03-15 15:16:48 /home/lizhonghao/ALIKE/magic_point_dataset/pic1 end build
start training: read /home/lizhonghao/ALIKE/magic_point_dataset/pic1[1;41;37mWarning: using python to project depth!!![0m
2024-03-15 15:20:12 /home/lizhonghao/ALIKE/magic_point_dataset/pic2 start build
2024-03-15 15:21:38 /home/lizhonghao/ALIKE/magic_point_dataset/pic2 end build
start training: read /home/lizhonghao/ALIKE/magic_point_dataset/pic2[1;41;37mWarning: using python to project depth!!![0m
2024-03-15 15:31:45 /home/lizhonghao/ALIKE/magic_point_dataset/pic1 start build
2024-03-15 15:33:10 /home/lizhonghao/ALIKE/magic_point_dataset/pic1 end build
start training: read /home/lizhonghao/ALIKE/magic_point_dataset/pic1[1;41;37mWarning: using python to project depth!!![0m
2024-03-15 15:35:56 /home/lizhonghao/ALIKE/magic_point_dataset/pic2 start build
2024-03-15 15:37:21 /home/lizhonghao/ALIKE/magic_point_dataset/pic2 end build
start training: read /home/lizhonghao/ALIKE/magic_point_dataset/pic2[1;41;37mWarning: using python to project depth!!![0m
2024-03-15 15:40:44 /home/lizhonghao/ALIKE/magic_point_dataset/pic1 start build
2024-03-15 15:42:14 /home/lizhonghao/ALIKE/magic_point_dataset/pic1 end build
start training: read /home/lizhonghao/ALIKE/magic_point_dataset/pic1[1;41;37mWarning: using python to project depth!!![0m
2024-03-15 15:44:56 /home/lizhonghao/ALIKE/magic_point_dataset/pic2 start build
2024-03-15 15:46:22 /home/lizhonghao/ALIKE/magic_point_dataset/pic2 end build
start training: read /home/lizhonghao/ALIKE/magic_point_dataset/pic2[1;41;37mWarning: using python to project depth!!![0m
2024-03-15 15:49:26 /home/lizhonghao/ALIKE/magic_point_dataset/pic1 start build
2024-03-15 15:50:50 /home/lizhonghao/ALIKE/magic_point_dataset/pic1 end build
start training: read /home/lizhonghao/ALIKE/magic_point_dataset/pic1[1;41;37mWarning: using python to project depth!!![0m
2024-03-15 15:54:00 /home/lizhonghao/ALIKE/magic_point_dataset/pic2 start build
2024-03-15 15:55:23 /home/lizhonghao/ALIKE/magic_point_dataset/pic2 end build
start training: read /home/lizhonghao/ALIKE/magic_point_dataset/pic2[1;41;37mWarning: using python to project depth!!![0m
2024-03-15 15:58:21 /home/lizhonghao/ALIKE/magic_point_dataset/pic1 start build
2024-03-15 15:59:44 /home/lizhonghao/ALIKE/magic_point_dataset/pic1 end build
start training: read /home/lizhonghao/ALIKE/magic_point_dataset/pic1[1;41;37mWarning: using python to project depth!!![0m
2024-03-15 16:02:36 /home/lizhonghao/ALIKE/magic_point_dataset/pic2 start build
2024-03-15 16:03:58 /home/lizhonghao/ALIKE/magic_point_dataset/pic2 end build
start training: read /home/lizhonghao/ALIKE/magic_point_dataset/pic2start training: read /home/lizhonghao/ALIKE/magic_point_dataset/pic22024-03-15 16:33:50 /home/lizhonghao/ALIKE/magic_point_dataset/pic1 start build
start training: read /home/lizhonghao/ALIKE/magic_point_dataset/pic22024-03-15 16:37:37 /home/lizhonghao/ALIKE/magic_point_dataset/pic1 start build
start training: read /home/lizhonghao/ALIKE/magic_point_dataset/pic22024-03-15 16:38:42 /home/lizhonghao/ALIKE/magic_point_dataset/pic1 start build
start training: read /home/lizhonghao/ALIKE/magic_point_dataset/pic22024-03-15 16:40:29 /home/lizhonghao/ALIKE/magic_point_dataset/pic1 start build
2024-03-15 16:31:29 /home/lizhonghao/ALIKE/magic_point_dataset/pic1 start build
2024-03-15 16:42:38 /home/lizhonghao/ALIKE/magic_point_dataset/pic1 end build
start training: read /home/lizhonghao/ALIKE/magic_point_dataset/pic22024-03-15 16:43:59 /home/lizhonghao/ALIKE/magic_point_dataset/pic1 start build
start training: read /home/lizhonghao/ALIKE/magic_point_dataset/pic22024-03-15 16:45:20 /home/lizhonghao/ALIKE/magic_point_dataset/pic1 start build
start training: read /home/lizhonghao/ALIKE/magic_point_dataset/pic22024-03-15 16:47:39 /home/lizhonghao/ALIKE/magic_point_dataset/pic1 start build
start training: read /home/lizhonghao/ALIKE/magic_point_dataset/pic22024-03-15 16:49:32 /home/lizhonghao/ALIKE/magic_point_dataset/pic1 start build
start training: read /home/lizhonghao/ALIKE/magic_point_dataset/pic22024-03-15 16:50:27 /home/lizhonghao/ALIKE/magic_point_dataset/pic1 start build
start training: read /home/lizhonghao/ALIKE/magic_point_dataset/pic22024-03-15 17:10:52 /home/lizhonghao/ALIKE/magic_point_dataset/pic2 start build
start training: read /home/lizhonghao/ALIKE/magic_point_dataset/pic2start training: read /home/lizhonghao/ALIKE/magic_point_dataset/pic22024-03-15 17:21:24 /home/lizhonghao/ALIKE/magic_point_dataset/pic2 start build
2024-03-15 17:32:42 /home/lizhonghao/ALIKE/magic_point_dataset/pic2 end build
2024-03-15 17:31:22 /home/lizhonghao/ALIKE/magic_point_dataset/pic2 start build
2024-03-15 17:42:29 /home/lizhonghao/ALIKE/magic_point_dataset/pic2 end build
start training: read /home/lizhonghao/ALIKE/magic_point_dataset/pic2start training: read /home/lizhonghao/ALIKE/magic_point_dataset/pic22024-03-15 17:42:34 /home/lizhonghao/ALIKE/magic_point_dataset/pic2 start build
2024-03-15 17:53:52 /home/lizhonghao/ALIKE/magic_point_dataset/pic2 end build
start training: read /home/lizhonghao/ALIKE/magic_point_dataset/pic22024-03-15 17:47:44 /home/lizhonghao/ALIKE/magic_point_dataset/pic2 start build
2024-03-15 17:58:54 /home/lizhonghao/ALIKE/magic_point_dataset/pic2 end build
start training: read /home/lizhonghao/ALIKE/magic_point_dataset/pic22024-03-15 17:57:51 /home/lizhonghao/ALIKE/magic_point_dataset/pic2 start build
2024-03-15 18:09:00 /home/lizhonghao/ALIKE/magic_point_dataset/pic2 end build
2024-03-15 18:08:52 /home/lizhonghao/ALIKE/magic_point_dataset/pic2 start build
2024-03-15 18:19:57 /home/lizhonghao/ALIKE/magic_point_dataset/pic2 end build
start training: read /home/lizhonghao/ALIKE/magic_point_dataset/pic2start training: read /home/lizhonghao/ALIKE/magic_point_dataset/pic22024-03-15 19:39:11 /home/lizhonghao/ALIKE/magic_point_dataset/pic2 start build
2024-03-15 19:50:10 /home/lizhonghao/ALIKE/magic_point_dataset/pic2 end build
start training: read /home/lizhonghao/ALIKE/magic_point_dataset/pic22024-03-15 19:49:36 /home/lizhonghao/ALIKE/magic_point_dataset/pic2 start build
2024-03-15 20:00:45 /home/lizhonghao/ALIKE/magic_point_dataset/pic2 end build
2024-03-15 20:00:36 /home/lizhonghao/ALIKE/magic_point_dataset/pic2 start build
2024-03-15 20:11:44 /home/lizhonghao/ALIKE/magic_point_dataset/pic2 end build
start training: read /home/lizhonghao/ALIKE/magic_point_dataset/pic22024-03-15 20:11:59 /home/lizhonghao/ALIKE/magic_point_dataset/pic2 start build
2024-03-15 20:23:01 /home/lizhonghao/ALIKE/magic_point_dataset/pic2 end build
start training: read /home/lizhonghao/ALIKE/magic_point_dataset/pic2start training: read /home/lizhonghao/ALIKE/magic_point_dataset/pic22024-03-15 20:23:07 /home/lizhonghao/ALIKE/magic_point_dataset/pic2 start build
2024-03-15 20:34:12 /home/lizhonghao/ALIKE/magic_point_dataset/pic2 end build
2024-03-15 20:34:14 /home/lizhonghao/ALIKE/magic_point_dataset/pic2 start build
2024-03-15 20:45:16 /home/lizhonghao/ALIKE/magic_point_dataset/pic2 end build
start training: read /home/lizhonghao/ALIKE/magic_point_dataset/pic2start training: read /home/lizhonghao/ALIKE/magic_point_dataset/pic22024-03-15 20:45:22 /home/lizhonghao/ALIKE/magic_point_dataset/pic2 start build
2024-03-15 20:56:23 /home/lizhonghao/ALIKE/magic_point_dataset/pic2 end build
2024-03-15 20:56:10 /home/lizhonghao/ALIKE/magic_point_dataset/pic2 start build
2024-03-15 21:07:05 /home/lizhonghao/ALIKE/magic_point_dataset/pic2 end build
start training: read /home/lizhonghao/ALIKE/magic_point_dataset/pic2start training: read /home/lizhonghao/ALIKE/magic_point_dataset/pic22024-03-15 21:07:36 /home/lizhonghao/ALIKE/magic_point_dataset/pic2 start build
2024-03-15 21:18:45 /home/lizhonghao/ALIKE/magic_point_dataset/pic2 end build
start training: read /home/lizhonghao/ALIKE/magic_point_dataset/pic22024-03-15 21:18:41 /home/lizhonghao/ALIKE/magic_point_dataset/pic2 start build
2024-03-15 21:29:47 /home/lizhonghao/ALIKE/magic_point_dataset/pic2 end build
start training: read /home/lizhonghao/ALIKE/magic_point_dataset/pic22024-03-15 21:29:35 /home/lizhonghao/ALIKE/magic_point_dataset/pic2 start build
2024-03-15 21:40:42 /home/lizhonghao/ALIKE/magic_point_dataset/pic2 end build
2024-03-15 21:40:22 /home/lizhonghao/ALIKE/magic_point_dataset/pic2 start build
2024-03-15 21:51:23 /home/lizhonghao/ALIKE/magic_point_dataset/pic2 end build
start training: read /home/lizhonghao/ALIKE/magic_point_dataset/pic2start training: read /home/lizhonghao/ALIKE/magic_point_dataset/pic22024-03-15 21:51:42 /home/lizhonghao/ALIKE/magic_point_dataset/pic2 start build
2024-03-15 22:02:44 /home/lizhonghao/ALIKE/magic_point_dataset/pic2 end build
2024-03-15 22:02:46 /home/lizhonghao/ALIKE/magic_point_dataset/pic2 start build
2024-03-15 22:13:52 /home/lizhonghao/ALIKE/magic_point_dataset/pic2 end build
start training: read /home/lizhonghao/ALIKE/magic_point_dataset/pic22024-03-15 22:13:56 /home/lizhonghao/ALIKE/magic_point_dataset/pic2 start build
2024-03-15 22:25:04 /home/lizhonghao/ALIKE/magic_point_dataset/pic2 end build
start training: read /home/lizhonghao/ALIKE/magic_point_dataset/pic22024-03-20 10:29:15 /home/lizhonghao/ALIKE/magic_point_dataset/pic2 start build
start training: read /home/lizhonghao/ALIKE/magic_point_dataset/pic2start training: read /home/lizhonghao/ALIKE/magic_point_dataset/pic22024-03-20 10:32:00 /home/lizhonghao/ALIKE/magic_point_dataset/pic2 start build
2024-03-20 10:43:27 /home/lizhonghao/ALIKE/magic_point_dataset/pic2 end build
2024-03-20 10:42:26 /home/lizhonghao/ALIKE/magic_point_dataset/pic2 start build
2024-03-20 10:53:44 /home/lizhonghao/ALIKE/magic_point_dataset/pic2 end build
start training: read /home/lizhonghao/ALIKE/magic_point_dataset/pic22024-03-20 11:03:50 /home/lizhonghao/ALIKE/magic_point_dataset/pic2 start build
start training: read /home/lizhonghao/ALIKE/magic_point_dataset/pic2start training: read /home/lizhonghao/ALIKE/magic_point_dataset/pic2start training: read /home/lizhonghao/ALIKE/magic_point_dataset/pic2start training: read /home/lizhonghao/ALIKE/magic_point_dataset/pic2start training: read /home/lizhonghao/ALIKE/magic_point_dataset/pic2start training: read /home/lizhonghao/ALIKE/magic_point_dataset/pic2start training: read /home/lizhonghao/ALIKE/magic_point_dataset/pic2start training: read /home/lizhonghao/ALIKE/magic_point_dataset/pic2start training: read /home/lizhonghao/ALIKE/magic_point_dataset/pic2start training: read /home/lizhonghao/ALIKE/magic_point_dataset/pic2start training: read /home/lizhonghao/ALIKE/magic_point_dataset/pic2start training: read /home/lizhonghao/ALIKE/magic_point_dataset/pic2start training: read /home/lizhonghao/ALIKE/magic_point_dataset/pic2start training: read /home/lizhonghao/ALIKE/magic_point_dataset/pic2start training: read /home/lizhonghao/ALIKE/magic_point_dataset/pic2start training: read /home/lizhonghao/ALIKE/magic_point_dataset/pic2start training: read /home/lizhonghao/ALIKE/magic_point_dataset/pic2start training: read /home/lizhonghao/ALIKE/magic_point_dataset/pic2start training: read /home/lizhonghao/ALIKE/magic_point_dataset/pic2start training: read /home/lizhonghao/ALIKE/magic_point_dataset/pic2start training: read /home/lizhonghao/ALIKE/magic_point_dataset/pic2start training: read /home/lizhonghao/ALIKE/magic_point_dataset/pic2start training: read /home/lizhonghao/ALIKE/magic_point_dataset/pic2start training: read /home/lizhonghao/ALIKE/magic_point_dataset/pic2start training: read /home/lizhonghao/ALIKE/magic_point_dataset/pic2start training: read /home/lizhonghao/ALIKE/magic_point_dataset/pic2start training: read /home/lizhonghao/ALIKE/magic_point_dataset/pic2start training: read /home/lizhonghao/ALIKE/magic_point_dataset/pic2start training: read /home/lizhonghao/ALIKE/magic_point_dataset/pic2start training: read /home/lizhonghao/ALIKE/magic_point_dataset/pic2start training: read /home/lizhonghao/ALIKE/magic_point_dataset/pic2start training: read /home/lizhonghao/ALIKE/magic_point_dataset/pic2start training: read /home/lizhonghao/ALIKE/magic_point_dataset/pic2start training: read /home/lizhonghao/ALIKE/magic_point_dataset/pic2start training: read /home/lizhonghao/ALIKE/magic_point_dataset/pic2start training: read /home/lizhonghao/ALIKE/magic_point_dataset/pic2start training: read /home/lizhonghao/ALIKE/magic_point_dataset/pic2start training: read /home/lizhonghao/ALIKE/magic_point_dataset/pic2start training: read /home/lizhonghao/ALIKE/magic_point_dataset/pic2start training: read /home/lizhonghao/ALIKE/magic_point_dataset/pic2start training: read /home/lizhonghao/ALIKE/magic_point_dataset/pic2start training: read /home/lizhonghao/ALIKE/magic_point_dataset/pic2start training: read /home/lizhonghao/ALIKE/magic_point_dataset/pic2start training: read /home/lizhonghao/ALIKE/magic_point_dataset/pic2start training: read /home/lizhonghao/ALIKE/magic_point_dataset/pic2start training: read /home/lizhonghao/ALIKE/magic_point_dataset/pic2start training: read /home/lizhonghao/ALIKE/magic_point_dataset/pic2start training: read /home/lizhonghao/ALIKE/magic_point_dataset/pic2start training: read /home/lizhonghao/ALIKE/magic_point_dataset/pic2start training: read /home/lizhonghao/ALIKE/magic_point_dataset/pic2start training: read /home/lizhonghao/ALIKE/magic_point_dataset/pic2start training: read /home/lizhonghao/ALIKE/magic_point_dataset/pic2start training: read /home/lizhonghao/ALIKE/magic_point_dataset/pic2start training: read /home/lizhonghao/ALIKE/magic_point_dataset/pic2start training: read /home/lizhonghao/ALIKE/magic_point_dataset/pic2start training: read /home/lizhonghao/ALIKE/magic_point_dataset/pic2start training: read /home/lizhonghao/ALIKE/magic_point_dataset/pic2start training: read /home/lizhonghao/ALIKE/magic_point_dataset/pic2start training: read /home/lizhonghao/ALIKE/magic_point_dataset/pic2start training: read /home/lizhonghao/ALIKE/magic_point_dataset/pic2start training: read /home/lizhonghao/ALIKE/magic_point_dataset/pic2start training: read /home/lizhonghao/ALIKE/magic_point_dataset/pic2start training: read /home/lizhonghao/ALIKE/magic_point_dataset/pic2start training: read /home/lizhonghao/ALIKE/magic_point_dataset/pic2start training: read /home/lizhonghao/ALIKE/magic_point_dataset/pic2start training: read /home/lizhonghao/ALIKE/magic_point_dataset/pic2start training: read /home/lizhonghao/ALIKE/magic_point_dataset/pic2start training: read /home/lizhonghao/ALIKE/magic_point_dataset/pic2start training: read /home/lizhonghao/ALIKE/magic_point_dataset/pic2start training: read /home/lizhonghao/ALIKE/magic_point_dataset/pic2start training: read /home/lizhonghao/ALIKE/magic_point_dataset/pic2start training: read /home/lizhonghao/ALIKE/magic_point_dataset/pic2start training: read /home/lizhonghao/ALIKE/magic_point_dataset/pic2start training: read /home/lizhonghao/ALIKE/magic_point_dataset/pic2start training: read /home/lizhonghao/ALIKE/magic_point_dataset/pic2start training: read /home/lizhonghao/ALIKE/magic_point_dataset/pic2start training: read /home/lizhonghao/ALIKE/magic_point_dataset/pic2start training: read /home/lizhonghao/ALIKE/magic_point_dataset/pic2start training: read /home/lizhonghao/ALIKE/magic_point_dataset/pic2start training: read /home/lizhonghao/ALIKE/magic_point_dataset/pic2start training: read /home/lizhonghao/ALIKE/magic_point_dataset/pic2start training: read /home/lizhonghao/ALIKE/magic_point_dataset/pic2start training: read /home/lizhonghao/ALIKE/magic_point_dataset/pic2start training: read /home/lizhonghao/ALIKE/magic_point_dataset/pic2start training: read /home/lizhonghao/ALIKE/magic_point_dataset/pic2start training: read /home/lizhonghao/ALIKE/magic_point_dataset/pic2start training: read /home/lizhonghao/ALIKE/magic_point_dataset/pic2start training: read /home/lizhonghao/ALIKE/magic_point_dataset/pic2start training: read /home/lizhonghao/ALIKE/magic_point_dataset/pic2start training: read /home/lizhonghao/ALIKE/magic_point_dataset/pic2start training: read /home/lizhonghao/ALIKE/magic_point_dataset/pic2start training: read /home/lizhonghao/ALIKE/magic_point_dataset/pic2start training: read /home/lizhonghao/ALIKE/magic_point_dataset/pic2start training: read /home/lizhonghao/ALIKE/magic_point_dataset/pic2start training: read /home/lizhonghao/ALIKE/magic_point_dataset/pic2start training: read /home/lizhonghao/ALIKE/magic_point_dataset/pic2start training: read /home/lizhonghao/ALIKE/magic_point_dataset/pic2start training: read /home/lizhonghao/ALIKE/magic_point_dataset/pic2start training: read /home/lizhonghao/ALIKE/magic_point_dataset/pic2start training: read /home/lizhonghao/ALIKE/magic_point_dataset/pic2start training: read /home/lizhonghao/ALIKE/magic_point_dataset/pic2start training: read /home/lizhonghao/ALIKE/magic_point_dataset/pic2start training: read /home/lizhonghao/ALIKE/magic_point_dataset/pic2start training: read /home/lizhonghao/ALIKE/magic_point_dataset/pic2start training: read /home/lizhonghao/ALIKE/magic_point_dataset/pic2start training: read /home/lizhonghao/ALIKE/magic_point_dataset/pic2start training: read /home/lizhonghao/ALIKE/magic_point_dataset/pic2start training: read /home/lizhonghao/ALIKE/magic_point_dataset/pic2start training: read /home/lizhonghao/ALIKE/magic_point_dataset/pic2start training: read /home/lizhonghao/ALIKE/magic_point_dataset/pic2start training: read /home/lizhonghao/ALIKE/magic_point_dataset/pic2start training: read /home/lizhonghao/ALIKE/magic_point_dataset/pic2start training: read /home/lizhonghao/ALIKE/magic_point_dataset/pic2start training: read /home/lizhonghao/ALIKE/magic_point_dataset/pic2start training: read /home/lizhonghao/ALIKE/magic_point_dataset/pic2start training: read /home/lizhonghao/ALIKE/magic_point_dataset/pic2start training: read /home/lizhonghao/ALIKE/magic_point_dataset/pic2start training: read /home/lizhonghao/ALIKE/magic_point_dataset/pic2start training: read /home/lizhonghao/ALIKE/magic_point_dataset/pic2start training: read /home/lizhonghao/ALIKE/magic_point_dataset/pic2start training: read /home/lizhonghao/ALIKE/magic_point_dataset/pic2start training: read /home/lizhonghao/ALIKE/magic_point_dataset/pic2start training: read /home/lizhonghao/ALIKE/magic_point_dataset/pic2start training: read /home/lizhonghao/ALIKE/magic_point_dataset/pic2start training: read /home/lizhonghao/ALIKE/magic_point_dataset/pic2start training: read /home/lizhonghao/ALIKE/magic_point_dataset/pic2start training: read /home/lizhonghao/ALIKE/magic_point_dataset/pic2start training: read /home/lizhonghao/ALIKE/magic_point_dataset/pic2start training: read /home/lizhonghao/ALIKE/magic_point_dataset/pic2start training: read /home/lizhonghao/ALIKE/magic_point_dataset/pic2start training: read /home/lizhonghao/ALIKE/magic_point_dataset/pic2start training: read /home/lizhonghao/ALIKE/magic_point_dataset/pic2start training: read /home/lizhonghao/ALIKE/magic_point_dataset/pic2start training: read /home/lizhonghao/ALIKE/magic_point_dataset/pic2start training: read /home/lizhonghao/ALIKE/magic_point_dataset/pic2start training: read /home/lizhonghao/ALIKE/magic_point_dataset/pic2start training: read /home/lizhonghao/ALIKE/magic_point_dataset/pic2start training: read /home/lizhonghao/ALIKE/magic_point_dataset/pic2start training: read /home/lizhonghao/ALIKE/magic_point_dataset/pic2start training: read /home/lizhonghao/ALIKE/magic_point_dataset/pic2start training: read /home/lizhonghao/ALIKE/magic_point_dataset/pic2start training: read /home/lizhonghao/ALIKE/magic_point_dataset/pic2start training: read /home/lizhonghao/ALIKE/magic_point_dataset/pic2